

Error log timestamp 11/7/2019 8:19:03
ERROR.LOG
GPF has occurred

START
API method: OLEDLL >> invokeCoCreateInstance:_:_:_:_:
5 arguments.
5: IDispatchPointer size = 4 ( 0 0 0 0 )
4: GUID size = 16 ( 0 4 2 0 0 0 0 0 -64 0 0 0 0 0 0 70 )
3: Smalltalk integer 7 (0x00000007)
2: UndefinedObject 
1: UndefinedObject 

Stack frames:
OLEDLL (OLEDLL) >> CoCreateInstance:_:_:_:_:
 () >> createInstance:iid:controllingUnknown:context:
 () >> createObject:
 () >> newObject:
 () >> newApplication
 () >> getXdeInstalledProductNames
ExceptionHandler (ExceptionHandler) >> evaluateProtectedBlock:
ExceptionHandler (ExceptionHandler) >> activateDuring:
ProtectedFrameMarker (BlockClosure) >> setUnwind:
BlockClosure (BlockClosure) >> invisibleEnsure:
ExceptionHandler (ExceptionHandler) >> activateDuring:
 () >> handle:with:during:
BlockClosure (BlockClosure) >> on:do:
 () >> getXdeInstalledProductNames
RqOptionsDlg (RqOptionsDlg) >> initXdePreferenceCombo
RqOptionsDlg (RqOptionsDlg) >> initCtrls
RqOptionsDlg (RqResDlg) >> open:fromModule:id:
RqOptionsDlg (RqResDlg) >> open:fromModule:id:owner:
RqPreRequisiteAppNT (RqPreRequisiteApp) >> toolsOptions
RqPreRequisiteAppNT (Object) >> perform:
MenuWindow (MenuWindow) >> performMenuItem:
RqMDIFrame (ApplicationWindow) >> performMenuItem:
RqMDIFrame (RqMDIFrame) >> performMenuItem:
Message (Message) >> perform
NotificationManager (NotificationManager) >> empty
NotificationManager (NotificationManager) >> runPendingEvents
NotificationManager (NotificationManager) >> runEventLoop
Message (Message) >> perform
Message (Message) >> evaluate
Process (Process) >> safelyEvaluate:
Process (Process) >> evaluate:
SystemDictionary (SystemDictionary) >> launch
End of stack dump

The registers were:
EIP =  0x77462a10
ESP =  0x0019e9c0
EBP =  0x0019e9e4
EAX =  0x774053b0
EBX =  0x00000000
ECX =  0x00000000
EDX =  0x00000000
EDI =  0x0019fafc
ESI =  0x0000000c
CS  =  0x00000023
DS  =  0x0000002b
ES  =  0x0000002b
SS  =  0x0000002b
End Registers 



Error log timestamp 11/7/2019 8:19:18
ERROR.LOG
GPF has occurred

START
API method: OLEDLL >> invokeCoCreateInstance:_:_:_:_:
5 arguments.
5: IDispatchPointer size = 4 ( 0 0 0 0 )
4: GUID size = 16 ( 0 4 2 0 0 0 0 0 -64 0 0 0 0 0 0 70 )
3: Smalltalk integer 7 (0x00000007)
2: UndefinedObject 
1: UndefinedObject 

Stack frames:
OLEDLL (OLEDLL) >> CoCreateInstance:_:_:_:_:
 () >> createInstance:iid:controllingUnknown:context:
 () >> createObject:
 () >> newObject:
 () >> newApplication
 () >> setPreference:
ExceptionHandler (ExceptionHandler) >> evaluateProtectedBlock:
ExceptionHandler (ExceptionHandler) >> activateDuring:
ProtectedFrameMarker (BlockClosure) >> setUnwind:
BlockClosure (BlockClosure) >> invisibleEnsure:
ExceptionHandler (ExceptionHandler) >> activateDuring:
 () >> handle:with:during:
BlockClosure (BlockClosure) >> on:do:
 () >> setPreference:
RqOptionsDlg (RqOptionsDlg) >> xlateXdeStartPreference
RqOptionsDlg (RqOptionsDlg) >> xlate
RqOptionsDlg (RqResDlg) >> ok
Message (Message) >> perform
NotificationManager (NotificationManager) >> empty
NotificationManager (NotificationManager) >> runPendingEvents
NotificationManager (NotificationManager) >> runEventLoop
Message (Message) >> perform
Message (Message) >> evaluate
Process (Process) >> safelyEvaluate:
Process (Process) >> evaluate:
SystemDictionary (SystemDictionary) >> launch
End of stack dump

The registers were:
EIP =  0x77462a10
ESP =  0x0019ea78
EBP =  0x0019ea9c
EAX =  0x774053b0
EBX =  0x00000000
ECX =  0x00000000
EDX =  0x00000000
EDI =  0x0019fbb4
ESI =  0x0000000c
CS  =  0x00000023
DS  =  0x0000002b
ES  =  0x0000002b
SS  =  0x0000002b
End Registers 



Error log timestamp 11/7/2019 8:20:15
ERROR.LOG
GPF has occurred

START
API method: OLEDLL >> invokeCoCreateInstance:_:_:_:_:
5 arguments.
5: IDispatchPointer size = 4 ( 0 0 0 0 )
4: GUID size = 16 ( 0 4 2 0 0 0 0 0 -64 0 0 0 0 0 0 70 )
3: Smalltalk integer 7 (0x00000007)
2: UndefinedObject 
1: UndefinedObject 

Stack frames:
OLEDLL (OLEDLL) >> CoCreateInstance:_:_:_:_:
 () >> createInstance:iid:controllingUnknown:context:
 () >> createObject:
 () >> newObject:
 () >> newApplication
 () >> getXdeInstalledProductNames
ExceptionHandler (ExceptionHandler) >> evaluateProtectedBlock:
ExceptionHandler (ExceptionHandler) >> activateDuring:
ProtectedFrameMarker (BlockClosure) >> setUnwind:
BlockClosure (BlockClosure) >> invisibleEnsure:
ExceptionHandler (ExceptionHandler) >> activateDuring:
 () >> handle:with:during:
BlockClosure (BlockClosure) >> on:do:
 () >> getXdeInstalledProductNames
RqOptionsDlg (RqOptionsDlg) >> initXdePreferenceCombo
RqOptionsDlg (RqOptionsDlg) >> initCtrls
RqOptionsDlg (RqResDlg) >> open:fromModule:id:
RqOptionsDlg (RqResDlg) >> open:fromModule:id:owner:
RqPreRequisiteAppNT (RqPreRequisiteApp) >> toolsOptions
RqPreRequisiteAppNT (Object) >> perform:
MenuWindow (MenuWindow) >> performMenuItem:
RqMDIFrame (ApplicationWindow) >> performMenuItem:
RqMDIFrame (RqMDIFrame) >> performMenuItem:
Message (Message) >> perform
NotificationManager (NotificationManager) >> empty
NotificationManager (NotificationManager) >> runPendingEvents
NotificationManager (NotificationManager) >> runEventLoop
Message (Message) >> perform
Message (Message) >> evaluate
Process (Process) >> safelyEvaluate:
Process (Process) >> evaluate:
SystemDictionary (SystemDictionary) >> launch
End of stack dump

The registers were:
EIP =  0x77462a10
ESP =  0x0019e9c0
EBP =  0x0019e9e4
EAX =  0x774053b0
EBX =  0x00000000
ECX =  0x00000000
EDX =  0x00000000
EDI =  0x0019fafc
ESI =  0x0000000c
CS  =  0x00000023
DS  =  0x0000002b
ES  =  0x0000002b
SS  =  0x0000002b
End Registers 



Error log timestamp 11/7/2019 8:20:31
ERROR.LOG
GPF has occurred

START
API method: OLEDLL >> invokeCoCreateInstance:_:_:_:_:
5 arguments.
5: IDispatchPointer size = 4 ( 0 0 0 0 )
4: GUID size = 16 ( 0 4 2 0 0 0 0 0 -64 0 0 0 0 0 0 70 )
3: Smalltalk integer 7 (0x00000007)
2: UndefinedObject 
1: UndefinedObject 

Stack frames:
OLEDLL (OLEDLL) >> CoCreateInstance:_:_:_:_:
 () >> createInstance:iid:controllingUnknown:context:
 () >> createObject:
 () >> newObject:
 () >> newApplication
 () >> setPreference:
ExceptionHandler (ExceptionHandler) >> evaluateProtectedBlock:
ExceptionHandler (ExceptionHandler) >> activateDuring:
ProtectedFrameMarker (BlockClosure) >> setUnwind:
BlockClosure (BlockClosure) >> invisibleEnsure:
ExceptionHandler (ExceptionHandler) >> activateDuring:
 () >> handle:with:during:
BlockClosure (BlockClosure) >> on:do:
 () >> setPreference:
RqOptionsDlg (RqOptionsDlg) >> xlateXdeStartPreference
RqOptionsDlg (RqOptionsDlg) >> xlate
RqOptionsDlg (RqResDlg) >> ok
Message (Message) >> perform
NotificationManager (NotificationManager) >> empty
NotificationManager (NotificationManager) >> runPendingEvents
NotificationManager (NotificationManager) >> runEventLoop
Message (Message) >> perform
Message (Message) >> evaluate
Process (Process) >> safelyEvaluate:
Process (Process) >> evaluate:
SystemDictionary (SystemDictionary) >> launch
End of stack dump

The registers were:
EIP =  0x77462a10
ESP =  0x0019ea78
EBP =  0x0019ea9c
EAX =  0x774053b0
EBX =  0x00000000
ECX =  0x00000000
EDX =  0x00000000
EDI =  0x0019fbb4
ESI =  0x0000000c
CS  =  0x00000023
DS  =  0x0000002b
ES  =  0x0000002b
SS  =  0x0000002b
End Registers 



Error log timestamp 11/11/2019 11:38:06
ERROR.LOG
GPF has occurred

START
API method: OLEDLL >> invokeCoCreateInstance:_:_:_:_:
5 arguments.
5: IDispatchPointer size = 4 ( 0 0 0 0 )
4: GUID size = 16 ( 0 4 2 0 0 0 0 0 -64 0 0 0 0 0 0 70 )
3: Smalltalk integer 7 (0x00000007)
2: UndefinedObject 
1: UndefinedObject 

Stack frames:
OLEDLL (OLEDLL) >> CoCreateInstance:_:_:_:_:
 () >> createInstance:iid:controllingUnknown:context:
 () >> createObject:
 () >> newObject:
 () >> newApplication
 () >> getXdeInstalledProductNames
ExceptionHandler (ExceptionHandler) >> evaluateProtectedBlock:
ExceptionHandler (ExceptionHandler) >> activateDuring:
ProtectedFrameMarker (BlockClosure) >> setUnwind:
BlockClosure (BlockClosure) >> invisibleEnsure:
ExceptionHandler (ExceptionHandler) >> activateDuring:
 () >> handle:with:during:
BlockClosure (BlockClosure) >> on:do:
 () >> getXdeInstalledProductNames
RqOptionsDlg (RqOptionsDlg) >> initXdePreferenceCombo
RqOptionsDlg (RqOptionsDlg) >> initCtrls
RqOptionsDlg (RqResDlg) >> open:fromModule:id:
RqOptionsDlg (RqResDlg) >> open:fromModule:id:owner:
RqPreRequisiteAppNT (RqPreRequisiteApp) >> toolsOptions
RqPreRequisiteAppNT (Object) >> perform:
MenuWindow (MenuWindow) >> performMenuItem:
RqMDIFrame (ApplicationWindow) >> performMenuItem:
RqMDIFrame (RqMDIFrame) >> performMenuItem:
Message (Message) >> perform
NotificationManager (NotificationManager) >> empty
NotificationManager (NotificationManager) >> runPendingEvents
NotificationManager (NotificationManager) >> runEventLoop
Message (Message) >> perform
Message (Message) >> evaluate
Process (Process) >> safelyEvaluate:
Process (Process) >> evaluate:
SystemDictionary (SystemDictionary) >> launch
End of stack dump

The registers were:
EIP =  0x75672a10
ESP =  0x0019e9c0
EBP =  0x0019e9e4
EAX =  0x756153b0
EBX =  0x00000000
ECX =  0x00000000
EDX =  0x00000000
EDI =  0x0019fafc
ESI =  0x0000000c
CS  =  0x00000023
DS  =  0x0000002b
ES  =  0x0000002b
SS  =  0x0000002b
End Registers 



Error log timestamp 11/11/2019 11:38:13
ERROR.LOG
GPF has occurred

START
API method: OLEDLL >> invokeCoCreateInstance:_:_:_:_:
5 arguments.
5: IDispatchPointer size = 4 ( 0 0 0 0 )
4: GUID size = 16 ( 0 4 2 0 0 0 0 0 -64 0 0 0 0 0 0 70 )
3: Smalltalk integer 7 (0x00000007)
2: UndefinedObject 
1: UndefinedObject 

Stack frames:
OLEDLL (OLEDLL) >> CoCreateInstance:_:_:_:_:
 () >> createInstance:iid:controllingUnknown:context:
 () >> createObject:
 () >> newObject:
 () >> newApplication
 () >> setPreference:
ExceptionHandler (ExceptionHandler) >> evaluateProtectedBlock:
ExceptionHandler (ExceptionHandler) >> activateDuring:
ProtectedFrameMarker (BlockClosure) >> setUnwind:
BlockClosure (BlockClosure) >> invisibleEnsure:
ExceptionHandler (ExceptionHandler) >> activateDuring:
 () >> handle:with:during:
BlockClosure (BlockClosure) >> on:do:
 () >> setPreference:
RqOptionsDlg (RqOptionsDlg) >> xlateXdeStartPreference
RqOptionsDlg (RqOptionsDlg) >> xlate
RqOptionsDlg (RqResDlg) >> ok
Message (Message) >> perform
NotificationManager (NotificationManager) >> empty
NotificationManager (NotificationManager) >> runPendingEvents
NotificationManager (NotificationManager) >> runEventLoop
Message (Message) >> perform
Message (Message) >> evaluate
Process (Process) >> safelyEvaluate:
Process (Process) >> evaluate:
SystemDictionary (SystemDictionary) >> launch
End of stack dump

The registers were:
EIP =  0x75672a10
ESP =  0x0019ea78
EBP =  0x0019ea9c
EAX =  0x756153b0
EBX =  0x00000000
ECX =  0x00000000
EDX =  0x00000000
EDI =  0x0019fbb4
ESI =  0x0000000c
CS  =  0x00000023
DS  =  0x0000002b
ES  =  0x0000002b
SS  =  0x0000002b
End Registers 



Error log timestamp 11/12/2019 23:08:21
ERROR.LOG
GPF has occurred

START
API method: OLEDLL >> invokeCoCreateInstance:_:_:_:_:
5 arguments.
5: IDispatchPointer size = 4 ( 0 0 0 0 )
4: GUID size = 16 ( 0 4 2 0 0 0 0 0 -64 0 0 0 0 0 0 70 )
3: Smalltalk integer 7 (0x00000007)
2: UndefinedObject 
1: UndefinedObject 

Stack frames:
OLEDLL (OLEDLL) >> CoCreateInstance:_:_:_:_:
 () >> createInstance:iid:controllingUnknown:context:
 () >> createObject:
 () >> newObject:
 () >> newApplication
 () >> getXdeInstalledProductNames
ExceptionHandler (ExceptionHandler) >> evaluateProtectedBlock:
ExceptionHandler (ExceptionHandler) >> activateDuring:
ProtectedFrameMarker (BlockClosure) >> setUnwind:
BlockClosure (BlockClosure) >> invisibleEnsure:
ExceptionHandler (ExceptionHandler) >> activateDuring:
 () >> handle:with:during:
BlockClosure (BlockClosure) >> on:do:
 () >> getXdeInstalledProductNames
RqOptionsDlg (RqOptionsDlg) >> initXdePreferenceCombo
RqOptionsDlg (RqOptionsDlg) >> initCtrls
RqOptionsDlg (RqResDlg) >> open:fromModule:id:
RqOptionsDlg (RqResDlg) >> open:fromModule:id:owner:
RqPreRequisiteAppNT (RqPreRequisiteApp) >> toolsOptions
RqPreRequisiteAppNT (Object) >> perform:
MenuWindow (MenuWindow) >> performMenuItem:
RqMDIFrame (ApplicationWindow) >> performMenuItem:
RqMDIFrame (RqMDIFrame) >> performMenuItem:
Message (Message) >> perform
NotificationManager (NotificationManager) >> empty
NotificationManager (NotificationManager) >> runPendingEvents
NotificationManager (NotificationManager) >> runEventLoop
Message (Message) >> perform
Message (Message) >> evaluate
Process (Process) >> safelyEvaluate:
Process (Process) >> evaluate:
SystemDictionary (SystemDictionary) >> launch
End of stack dump

The registers were:
EIP =  0x76a22a10
ESP =  0x0019e9c0
EBP =  0x0019e9e4
EAX =  0x769c53b0
EBX =  0x00000000
ECX =  0x00000000
EDX =  0x00000000
EDI =  0x0019fafc
ESI =  0x0000000c
CS  =  0x00000023
DS  =  0x0000002b
ES  =  0x0000002b
SS  =  0x0000002b
End Registers 



Error log timestamp 11/12/2019 23:08:42
ERROR.LOG
GPF has occurred

START
API method: OLEDLL >> invokeCoCreateInstance:_:_:_:_:
5 arguments.
5: IDispatchPointer size = 4 ( 0 0 0 0 )
4: GUID size = 16 ( 0 4 2 0 0 0 0 0 -64 0 0 0 0 0 0 70 )
3: Smalltalk integer 7 (0x00000007)
2: UndefinedObject 
1: UndefinedObject 

Stack frames:
OLEDLL (OLEDLL) >> CoCreateInstance:_:_:_:_:
 () >> createInstance:iid:controllingUnknown:context:
 () >> createObject:
 () >> newObject:
 () >> newApplication
 () >> setPreference:
ExceptionHandler (ExceptionHandler) >> evaluateProtectedBlock:
ExceptionHandler (ExceptionHandler) >> activateDuring:
ProtectedFrameMarker (BlockClosure) >> setUnwind:
BlockClosure (BlockClosure) >> invisibleEnsure:
ExceptionHandler (ExceptionHandler) >> activateDuring:
 () >> handle:with:during:
BlockClosure (BlockClosure) >> on:do:
 () >> setPreference:
RqOptionsDlg (RqOptionsDlg) >> xlateXdeStartPreference
RqOptionsDlg (RqOptionsDlg) >> xlate
RqOptionsDlg (RqResDlg) >> ok
Message (Message) >> perform
NotificationManager (NotificationManager) >> empty
NotificationManager (NotificationManager) >> runPendingEvents
NotificationManager (NotificationManager) >> runEventLoop
Message (Message) >> perform
Message (Message) >> evaluate
Process (Process) >> safelyEvaluate:
Process (Process) >> evaluate:
SystemDictionary (SystemDictionary) >> launch
End of stack dump

The registers were:
EIP =  0x76a22a10
ESP =  0x0019ea78
EBP =  0x0019ea9c
EAX =  0x769c53b0
EBX =  0x00000000
ECX =  0x00000000
EDX =  0x00000000
EDI =  0x0019fbb4
ESI =  0x0000000c
CS  =  0x00000023
DS  =  0x0000002b
ES  =  0x0000002b
SS  =  0x0000002b
End Registers 



Error log timestamp 11/13/2019 15:09:09
ERROR.LOG
GPF has occurred

START
API method: OLEDLL >> invokeCoCreateInstance:_:_:_:_:
5 arguments.
5: IDispatchPointer size = 4 ( 0 0 0 0 )
4: GUID size = 16 ( 0 4 2 0 0 0 0 0 -64 0 0 0 0 0 0 70 )
3: Smalltalk integer 7 (0x00000007)
2: UndefinedObject 
1: UndefinedObject 

Stack frames:
OLEDLL (OLEDLL) >> CoCreateInstance:_:_:_:_:
 () >> createInstance:iid:controllingUnknown:context:
 () >> createObject:
 () >> newObject:
 () >> newApplication
 () >> getXdeInstalledProductNames
ExceptionHandler (ExceptionHandler) >> evaluateProtectedBlock:
ExceptionHandler (ExceptionHandler) >> activateDuring:
ProtectedFrameMarker (BlockClosure) >> setUnwind:
BlockClosure (BlockClosure) >> invisibleEnsure:
ExceptionHandler (ExceptionHandler) >> activateDuring:
 () >> handle:with:during:
BlockClosure (BlockClosure) >> on:do:
 () >> getXdeInstalledProductNames
RqOptionsDlg (RqOptionsDlg) >> initXdePreferenceCombo
RqOptionsDlg (RqOptionsDlg) >> initCtrls
RqOptionsDlg (RqResDlg) >> open:fromModule:id:
RqOptionsDlg (RqResDlg) >> open:fromModule:id:owner:
RqPreRequisiteAppNT (RqPreRequisiteApp) >> toolsOptions
RqPreRequisiteAppNT (Object) >> perform:
MenuWindow (MenuWindow) >> performMenuItem:
RqMDIFrame (ApplicationWindow) >> performMenuItem:
RqMDIFrame (RqMDIFrame) >> performMenuItem:
Message (Message) >> perform
NotificationManager (NotificationManager) >> empty
NotificationManager (NotificationManager) >> runPendingEvents
NotificationManager (NotificationManager) >> runEventLoop
Message (Message) >> perform
Message (Message) >> evaluate
Process (Process) >> safelyEvaluate:
Process (Process) >> evaluate:
SystemDictionary (SystemDictionary) >> launch
End of stack dump

The registers were:
EIP =  0x75142a10
ESP =  0x0019e9c0
EBP =  0x0019e9e4
EAX =  0x750e53b0
EBX =  0x00000000
ECX =  0x00000000
EDX =  0x00000000
EDI =  0x0019fafc
ESI =  0x0000000c
CS  =  0x00000023
DS  =  0x0000002b
ES  =  0x0000002b
SS  =  0x0000002b
End Registers 



Error log timestamp 11/13/2019 15:09:23
ERROR.LOG
GPF has occurred

START
API method: OLEDLL >> invokeCoCreateInstance:_:_:_:_:
5 arguments.
5: IDispatchPointer size = 4 ( 0 0 0 0 )
4: GUID size = 16 ( 0 4 2 0 0 0 0 0 -64 0 0 0 0 0 0 70 )
3: Smalltalk integer 7 (0x00000007)
2: UndefinedObject 
1: UndefinedObject 

Stack frames:
OLEDLL (OLEDLL) >> CoCreateInstance:_:_:_:_:
 () >> createInstance:iid:controllingUnknown:context:
 () >> createObject:
 () >> newObject:
 () >> newApplication
 () >> setPreference:
ExceptionHandler (ExceptionHandler) >> evaluateProtectedBlock:
ExceptionHandler (ExceptionHandler) >> activateDuring:
ProtectedFrameMarker (BlockClosure) >> setUnwind:
BlockClosure (BlockClosure) >> invisibleEnsure:
ExceptionHandler (ExceptionHandler) >> activateDuring:
 () >> handle:with:during:
BlockClosure (BlockClosure) >> on:do:
 () >> setPreference:
RqOptionsDlg (RqOptionsDlg) >> xlateXdeStartPreference
RqOptionsDlg (RqOptionsDlg) >> xlate
RqOptionsDlg (RqResDlg) >> ok
Message (Message) >> perform
NotificationManager (NotificationManager) >> empty
NotificationManager (NotificationManager) >> runPendingEvents
NotificationManager (NotificationManager) >> runEventLoop
Message (Message) >> perform
Message (Message) >> evaluate
Process (Process) >> safelyEvaluate:
Process (Process) >> evaluate:
SystemDictionary (SystemDictionary) >> launch
End of stack dump

The registers were:
EIP =  0x75142a10
ESP =  0x0019ea78
EBP =  0x0019ea9c
EAX =  0x750e53b0
EBX =  0x00000000
ECX =  0x00000000
EDX =  0x00000000
EDI =  0x0019fbb4
ESI =  0x0000000c
CS  =  0x00000023
DS  =  0x0000002b
ES  =  0x0000002b
SS  =  0x0000002b
End Registers 



Error log timestamp 11/13/2019 15:10:06
ERROR.LOG
GPF has occurred

START
API method: OLEDLL >> invokeCoCreateInstance:_:_:_:_:
5 arguments.
5: IDispatchPointer size = 4 ( 0 0 0 0 )
4: GUID size = 16 ( 0 4 2 0 0 0 0 0 -64 0 0 0 0 0 0 70 )
3: Smalltalk integer 7 (0x00000007)
2: UndefinedObject 
1: UndefinedObject 

Stack frames:
OLEDLL (OLEDLL) >> CoCreateInstance:_:_:_:_:
 () >> createInstance:iid:controllingUnknown:context:
 () >> createObject:
 () >> newObject:
 () >> newApplication
 () >> getXdeInstalledProductNames
ExceptionHandler (ExceptionHandler) >> evaluateProtectedBlock:
ExceptionHandler (ExceptionHandler) >> activateDuring:
ProtectedFrameMarker (BlockClosure) >> setUnwind:
BlockClosure (BlockClosure) >> invisibleEnsure:
ExceptionHandler (ExceptionHandler) >> activateDuring:
 () >> handle:with:during:
BlockClosure (BlockClosure) >> on:do:
 () >> getXdeInstalledProductNames
RqOptionsDlg (RqOptionsDlg) >> initXdePreferenceCombo
RqOptionsDlg (RqOptionsDlg) >> initCtrls
RqOptionsDlg (RqResDlg) >> open:fromModule:id:
RqOptionsDlg (RqResDlg) >> open:fromModule:id:owner:
RqPreRequisiteAppNT (RqPreRequisiteApp) >> toolsOptions
RqPreRequisiteAppNT (Object) >> perform:
MenuWindow (MenuWindow) >> performMenuItem:
RqMDIFrame (ApplicationWindow) >> performMenuItem:
RqMDIFrame (RqMDIFrame) >> performMenuItem:
Message (Message) >> perform
NotificationManager (NotificationManager) >> empty
NotificationManager (NotificationManager) >> runPendingEvents
NotificationManager (NotificationManager) >> runEventLoop
Message (Message) >> perform
Message (Message) >> evaluate
Process (Process) >> safelyEvaluate:
Process (Process) >> evaluate:
SystemDictionary (SystemDictionary) >> launch
End of stack dump

The registers were:
EIP =  0x75142a10
ESP =  0x0019e9c0
EBP =  0x0019e9e4
EAX =  0x750e53b0
EBX =  0x00000000
ECX =  0x00000000
EDX =  0x00000000
EDI =  0x0019fafc
ESI =  0x0000000c
CS  =  0x00000023
DS  =  0x0000002b
ES  =  0x0000002b
SS  =  0x0000002b
End Registers 



Error log timestamp 11/13/2019 15:10:15
ERROR.LOG
GPF has occurred

START
API method: OLEDLL >> invokeCoCreateInstance:_:_:_:_:
5 arguments.
5: IDispatchPointer size = 4 ( 0 0 0 0 )
4: GUID size = 16 ( 0 4 2 0 0 0 0 0 -64 0 0 0 0 0 0 70 )
3: Smalltalk integer 7 (0x00000007)
2: UndefinedObject 
1: UndefinedObject 

Stack frames:
OLEDLL (OLEDLL) >> CoCreateInstance:_:_:_:_:
 () >> createInstance:iid:controllingUnknown:context:
 () >> createObject:
 () >> newObject:
 () >> newApplication
 () >> setPreference:
ExceptionHandler (ExceptionHandler) >> evaluateProtectedBlock:
ExceptionHandler (ExceptionHandler) >> activateDuring:
ProtectedFrameMarker (BlockClosure) >> setUnwind:
BlockClosure (BlockClosure) >> invisibleEnsure:
ExceptionHandler (ExceptionHandler) >> activateDuring:
 () >> handle:with:during:
BlockClosure (BlockClosure) >> on:do:
 () >> setPreference:
RqOptionsDlg (RqOptionsDlg) >> xlateXdeStartPreference
RqOptionsDlg (RqOptionsDlg) >> xlate
RqOptionsDlg (RqResDlg) >> ok
Message (Message) >> perform
NotificationManager (NotificationManager) >> empty
NotificationManager (NotificationManager) >> runPendingEvents
NotificationManager (NotificationManager) >> runEventLoop
Message (Message) >> perform
Message (Message) >> evaluate
Process (Process) >> safelyEvaluate:
Process (Process) >> evaluate:
SystemDictionary (SystemDictionary) >> launch
End of stack dump

The registers were:
EIP =  0x75142a10
ESP =  0x0019ea78
EBP =  0x0019ea9c
EAX =  0x750e53b0
EBX =  0x00000000
ECX =  0x00000000
EDX =  0x00000000
EDI =  0x0019fbb4
ESI =  0x0000000c
CS  =  0x00000023
DS  =  0x0000002b
ES  =  0x0000002b
SS  =  0x0000002b
End Registers 



Error log timestamp 11/13/2019 15:12:01
ERROR.LOG
GPF has occurred

START
API method: OLEDLL >> invokeCoCreateInstance:_:_:_:_:
5 arguments.
5: IDispatchPointer size = 4 ( 0 0 0 0 )
4: GUID size = 16 ( 0 4 2 0 0 0 0 0 -64 0 0 0 0 0 0 70 )
3: Smalltalk integer 7 (0x00000007)
2: UndefinedObject 
1: UndefinedObject 

Stack frames:
OLEDLL (OLEDLL) >> CoCreateInstance:_:_:_:_:
 () >> createInstance:iid:controllingUnknown:context:
 () >> createObject:
 () >> newObject:
 () >> newApplication
 () >> getXdeInstalledProductNames
ExceptionHandler (ExceptionHandler) >> evaluateProtectedBlock:
ExceptionHandler (ExceptionHandler) >> activateDuring:
ProtectedFrameMarker (BlockClosure) >> setUnwind:
BlockClosure (BlockClosure) >> invisibleEnsure:
ExceptionHandler (ExceptionHandler) >> activateDuring:
 () >> handle:with:during:
BlockClosure (BlockClosure) >> on:do:
 () >> getXdeInstalledProductNames
RqOptionsDlg (RqOptionsDlg) >> initXdePreferenceCombo
RqOptionsDlg (RqOptionsDlg) >> initCtrls
RqOptionsDlg (RqResDlg) >> open:fromModule:id:
RqOptionsDlg (RqResDlg) >> open:fromModule:id:owner:
RqPreRequisiteAppNT (RqPreRequisiteApp) >> toolsOptions
RqPreRequisiteAppNT (Object) >> perform:
MenuWindow (MenuWindow) >> performMenuItem:
RqMDIFrame (ApplicationWindow) >> performMenuItem:
RqMDIFrame (RqMDIFrame) >> performMenuItem:
Message (Message) >> perform
NotificationManager (NotificationManager) >> empty
NotificationManager (NotificationManager) >> runPendingEvents
NotificationManager (NotificationManager) >> runEventLoop
Message (Message) >> perform
Message (Message) >> evaluate
Process (Process) >> safelyEvaluate:
Process (Process) >> evaluate:
SystemDictionary (SystemDictionary) >> launch
End of stack dump

The registers were:
EIP =  0x75142a10
ESP =  0x0019e9c0
EBP =  0x0019e9e4
EAX =  0x750e53b0
EBX =  0x00000000
ECX =  0x00000000
EDX =  0x00000000
EDI =  0x0019fafc
ESI =  0x0000000c
CS  =  0x00000023
DS  =  0x0000002b
ES  =  0x0000002b
SS  =  0x0000002b
End Registers 



Error log timestamp 11/13/2019 15:12:28
ERROR.LOG
GPF has occurred

START
API method: OLEDLL >> invokeCoCreateInstance:_:_:_:_:
5 arguments.
5: IDispatchPointer size = 4 ( 0 0 0 0 )
4: GUID size = 16 ( 0 4 2 0 0 0 0 0 -64 0 0 0 0 0 0 70 )
3: Smalltalk integer 7 (0x00000007)
2: UndefinedObject 
1: UndefinedObject 

Stack frames:
OLEDLL (OLEDLL) >> CoCreateInstance:_:_:_:_:
 () >> createInstance:iid:controllingUnknown:context:
 () >> createObject:
 () >> newObject:
 () >> newApplication
 () >> setPreference:
ExceptionHandler (ExceptionHandler) >> evaluateProtectedBlock:
ExceptionHandler (ExceptionHandler) >> activateDuring:
ProtectedFrameMarker (BlockClosure) >> setUnwind:
BlockClosure (BlockClosure) >> invisibleEnsure:
ExceptionHandler (ExceptionHandler) >> activateDuring:
 () >> handle:with:during:
BlockClosure (BlockClosure) >> on:do:
 () >> setPreference:
RqOptionsDlg (RqOptionsDlg) >> xlateXdeStartPreference
RqOptionsDlg (RqOptionsDlg) >> xlate
RqOptionsDlg (RqResDlg) >> ok
Message (Message) >> perform
NotificationManager (NotificationManager) >> empty
NotificationManager (NotificationManager) >> runPendingEvents
NotificationManager (NotificationManager) >> runEventLoop
Message (Message) >> perform
Message (Message) >> evaluate
Process (Process) >> safelyEvaluate:
Process (Process) >> evaluate:
SystemDictionary (SystemDictionary) >> launch
End of stack dump

The registers were:
EIP =  0x75142a10
ESP =  0x0019ea78
EBP =  0x0019ea9c
EAX =  0x750e53b0
EBX =  0x00000000
ECX =  0x00000000
EDX =  0x00000000
EDI =  0x0019fbb4
ESI =  0x0000000c
CS  =  0x00000023
DS  =  0x0000002b
ES  =  0x0000002b
SS  =  0x0000002b
End Registers 



Error log timestamp 11/28/2019 9:21:12
ERROR.LOG
GPF has occurred

START
API method: OLEDLL >> invokeCoCreateInstance:_:_:_:_:
5 arguments.
5: IDispatchPointer size = 4 ( 0 0 0 0 )
4: GUID size = 16 ( 0 4 2 0 0 0 0 0 -64 0 0 0 0 0 0 70 )
3: Smalltalk integer 7 (0x00000007)
2: UndefinedObject 
1: UndefinedObject 

Stack frames:
OLEDLL (OLEDLL) >> CoCreateInstance:_:_:_:_:
 () >> createInstance:iid:controllingUnknown:context:
 () >> createObject:
 () >> newObject:
 () >> newApplication
 () >> getXdeInstalledProductNames
ExceptionHandler (ExceptionHandler) >> evaluateProtectedBlock:
ExceptionHandler (ExceptionHandler) >> activateDuring:
ProtectedFrameMarker (BlockClosure) >> setUnwind:
BlockClosure (BlockClosure) >> invisibleEnsure:
ExceptionHandler (ExceptionHandler) >> activateDuring:
 () >> handle:with:during:
BlockClosure (BlockClosure) >> on:do:
 () >> getXdeInstalledProductNames
RqOptionsDlg (RqOptionsDlg) >> initXdePreferenceCombo
RqOptionsDlg (RqOptionsDlg) >> initCtrls
RqOptionsDlg (RqResDlg) >> open:fromModule:id:
RqOptionsDlg (RqResDlg) >> open:fromModule:id:owner:
RqPreRequisiteAppNT (RqPreRequisiteApp) >> toolsOptions
RqPreRequisiteAppNT (Object) >> perform:
MenuWindow (MenuWindow) >> performMenuItem:
RqMDIChild (ApplicationWindow) >> performMenuItem:
RqMDIChild (RqMDIChild) >> performMenuItem:
Message (Message) >> perform
NotificationManager (NotificationManager) >> empty
NotificationManager (NotificationManager) >> runPendingEvents
NotificationManager (NotificationManager) >> runEventLoop
Message (Message) >> perform
Message (Message) >> evaluate
Process (Process) >> safelyEvaluate:
Process (Process) >> evaluate:
SystemDictionary (SystemDictionary) >> launch
End of stack dump

The registers were:
EIP =  0x74e62a10
ESP =  0x0019e9c0
EBP =  0x0019e9e4
EAX =  0x74e053b0
EBX =  0x00000000
ECX =  0x00000000
EDX =  0x00000000
EDI =  0x0019fafc
ESI =  0x0000000c
CS  =  0x00000023
DS  =  0x0000002b
ES  =  0x0000002b
SS  =  0x0000002b
End Registers 



Error log timestamp 11/28/2019 9:22:08
ERROR.LOG
GPF has occurred

START
API method: OLEDLL >> invokeCoCreateInstance:_:_:_:_:
5 arguments.
5: IDispatchPointer size = 4 ( 0 0 0 0 )
4: GUID size = 16 ( 0 4 2 0 0 0 0 0 -64 0 0 0 0 0 0 70 )
3: Smalltalk integer 7 (0x00000007)
2: UndefinedObject 
1: UndefinedObject 

Stack frames:
OLEDLL (OLEDLL) >> CoCreateInstance:_:_:_:_:
 () >> createInstance:iid:controllingUnknown:context:
 () >> createObject:
 () >> newObject:
 () >> newApplication
 () >> setPreference:
ExceptionHandler (ExceptionHandler) >> evaluateProtectedBlock:
ExceptionHandler (ExceptionHandler) >> activateDuring:
ProtectedFrameMarker (BlockClosure) >> setUnwind:
BlockClosure (BlockClosure) >> invisibleEnsure:
ExceptionHandler (ExceptionHandler) >> activateDuring:
 () >> handle:with:during:
BlockClosure (BlockClosure) >> on:do:
 () >> setPreference:
RqOptionsDlg (RqOptionsDlg) >> xlateXdeStartPreference
RqOptionsDlg (RqOptionsDlg) >> xlate
RqOptionsDlg (RqResDlg) >> ok
Message (Message) >> perform
NotificationManager (NotificationManager) >> empty
NotificationManager (NotificationManager) >> runPendingEvents
NotificationManager (NotificationManager) >> runEventLoop
Message (Message) >> perform
Message (Message) >> evaluate
Process (Process) >> safelyEvaluate:
Process (Process) >> evaluate:
SystemDictionary (SystemDictionary) >> launch
End of stack dump

The registers were:
EIP =  0x74e62a10
ESP =  0x0019ea78
EBP =  0x0019ea9c
EAX =  0x74e053b0
EBX =  0x00000000
ECX =  0x00000000
EDX =  0x00000000
EDI =  0x0019fbb4
ESI =  0x0000000c
CS  =  0x00000023
DS  =  0x0000002b
ES  =  0x0000002b
SS  =  0x0000002b
End Registers 



Error log timestamp 11/28/2019 9:22:13
ERROR.LOG
GPF has occurred

START
API method: OLEDLL >> invokeCoCreateInstance:_:_:_:_:
5 arguments.
5: IDispatchPointer size = 4 ( 0 0 0 0 )
4: GUID size = 16 ( 0 4 2 0 0 0 0 0 -64 0 0 0 0 0 0 70 )
3: Smalltalk integer 7 (0x00000007)
2: UndefinedObject 
1: UndefinedObject 

Stack frames:
OLEDLL (OLEDLL) >> CoCreateInstance:_:_:_:_:
 () >> createInstance:iid:controllingUnknown:context:
 () >> createObject:
 () >> newObject:
 () >> newApplication
 () >> getXdeInstalledProductNames
ExceptionHandler (ExceptionHandler) >> evaluateProtectedBlock:
ExceptionHandler (ExceptionHandler) >> activateDuring:
ProtectedFrameMarker (BlockClosure) >> setUnwind:
BlockClosure (BlockClosure) >> invisibleEnsure:
ExceptionHandler (ExceptionHandler) >> activateDuring:
 () >> handle:with:during:
BlockClosure (BlockClosure) >> on:do:
 () >> getXdeInstalledProductNames
RqOptionsDlg (RqOptionsDlg) >> initXdePreferenceCombo
RqOptionsDlg (RqOptionsDlg) >> initCtrls
RqOptionsDlg (RqResDlg) >> open:fromModule:id:
RqOptionsDlg (RqResDlg) >> open:fromModule:id:owner:
RqPreRequisiteAppNT (RqPreRequisiteApp) >> toolsOptions
MenuWindow (MenuWindow) >> performMenuItem:
RqMDIChild (ApplicationWindow) >> performMenuItem:
RqMDIChild (RqMDIChild) >> performMenuItem:
Message (Message) >> perform
NotificationManager (NotificationManager) >> empty
NotificationManager (NotificationManager) >> runPendingEvents
NotificationManager (NotificationManager) >> runEventLoop
Message (Message) >> perform
Message (Message) >> evaluate
Process (Process) >> safelyEvaluate:
Process (Process) >> evaluate:
SystemDictionary (SystemDictionary) >> launch
End of stack dump

The registers were:
EIP =  0x74e62a10
ESP =  0x0019e9d4
EBP =  0x0019e9f8
EAX =  0x74e053b0
EBX =  0x00000000
ECX =  0x00000000
EDX =  0x00000000
EDI =  0x0019fb10
ESI =  0x0000000c
CS  =  0x00000023
DS  =  0x0000002b
ES  =  0x0000002b
SS  =  0x0000002b
End Registers 



Error log timestamp 12/4/2019 17:45:25
ERROR.LOG
GPF has occurred

START
API method: OLEDLL >> invokeCoCreateInstance:_:_:_:_:
5 arguments.
5: IDispatchPointer size = 4 ( 0 0 0 0 )
4: GUID size = 16 ( 0 4 2 0 0 0 0 0 -64 0 0 0 0 0 0 70 )
3: Smalltalk integer 7 (0x00000007)
2: UndefinedObject 
1: UndefinedObject 

Stack frames:
OLEDLL (OLEDLL) >> CoCreateInstance:_:_:_:_:
 () >> createInstance:iid:controllingUnknown:context:
 () >> createObject:
 () >> newObject:
 () >> newApplication
 () >> getXdeInstalledProductNames
ExceptionHandler (ExceptionHandler) >> evaluateProtectedBlock:
ExceptionHandler (ExceptionHandler) >> activateDuring:
ProtectedFrameMarker (BlockClosure) >> setUnwind:
BlockClosure (BlockClosure) >> invisibleEnsure:
ExceptionHandler (ExceptionHandler) >> activateDuring:
 () >> handle:with:during:
BlockClosure (BlockClosure) >> on:do:
 () >> getXdeInstalledProductNames
RqOptionsDlg (RqOptionsDlg) >> initXdePreferenceCombo
RqOptionsDlg (RqOptionsDlg) >> initCtrls
RqOptionsDlg (RqResDlg) >> open:fromModule:id:
RqOptionsDlg (RqResDlg) >> open:fromModule:id:owner:
RqPreRequisiteAppNT (RqPreRequisiteApp) >> toolsOptions
RqPreRequisiteAppNT (Object) >> perform:
MenuWindow (MenuWindow) >> performMenuItem:
RqMDIFrame (ApplicationWindow) >> performMenuItem:
RqMDIFrame (RqMDIFrame) >> performMenuItem:
Message (Message) >> perform
NotificationManager (NotificationManager) >> empty
NotificationManager (NotificationManager) >> runPendingEvents
NotificationManager (NotificationManager) >> runEventLoop
Message (Message) >> perform
Message (Message) >> evaluate
Process (Process) >> safelyEvaluate:
Process (Process) >> evaluate:
SystemDictionary (SystemDictionary) >> launch
End of stack dump

The registers were:
EIP =  0x76842a10
ESP =  0x0019e9c0
EBP =  0x0019e9e4
EAX =  0x767e53b0
EBX =  0x00000000
ECX =  0x00000000
EDX =  0x00000000
EDI =  0x0019fafc
ESI =  0x0000000c
CS  =  0x00000023
DS  =  0x0000002b
ES  =  0x0000002b
SS  =  0x0000002b
End Registers 



Error log timestamp 12/4/2019 17:46:00
ERROR.LOG
GPF has occurred

START
API method: OLEDLL >> invokeCoCreateInstance:_:_:_:_:
5 arguments.
5: IDispatchPointer size = 4 ( 0 0 0 0 )
4: GUID size = 16 ( 0 4 2 0 0 0 0 0 -64 0 0 0 0 0 0 70 )
3: Smalltalk integer 7 (0x00000007)
2: UndefinedObject 
1: UndefinedObject 

Stack frames:
OLEDLL (OLEDLL) >> CoCreateInstance:_:_:_:_:
 () >> createInstance:iid:controllingUnknown:context:
 () >> createObject:
 () >> newObject:
 () >> newApplication
 () >> setPreference:
ExceptionHandler (ExceptionHandler) >> evaluateProtectedBlock:
ExceptionHandler (ExceptionHandler) >> activateDuring:
ProtectedFrameMarker (BlockClosure) >> setUnwind:
BlockClosure (BlockClosure) >> invisibleEnsure:
ExceptionHandler (ExceptionHandler) >> activateDuring:
 () >> handle:with:during:
BlockClosure (BlockClosure) >> on:do:
 () >> setPreference:
RqOptionsDlg (RqOptionsDlg) >> xlateXdeStartPreference
RqOptionsDlg (RqOptionsDlg) >> xlate
RqOptionsDlg (RqResDlg) >> ok
Message (Message) >> perform
NotificationManager (NotificationManager) >> empty
NotificationManager (NotificationManager) >> runPendingEvents
NotificationManager (NotificationManager) >> runEventLoop
Message (Message) >> perform
Message (Message) >> evaluate
Process (Process) >> safelyEvaluate:
Process (Process) >> evaluate:
SystemDictionary (SystemDictionary) >> launch
End of stack dump

The registers were:
EIP =  0x76842a10
ESP =  0x0019ea78
EBP =  0x0019ea9c
EAX =  0x767e53b0
EBX =  0x00000000
ECX =  0x00000000
EDX =  0x00000000
EDI =  0x0019fbb4
ESI =  0x0000000c
CS  =  0x00000023
DS  =  0x0000002b
ES  =  0x0000002b
SS  =  0x0000002b
End Registers 

